# JRE version: Java(TM) SE Runtime Environment (8.0_66-b17) (build 1.8.0_66-b17)
# Java VM: Java HotSpot(TM) 64-Bit Server VM (25.66-b17 mixed mode windows-amd64 compressed oops)
Heap:
 PSYoungGen      total 153088K, used 7895K [0x0000000715900000, 0x0000000720380000, 0x00000007c0000000)
  eden space 131584K, 6% used [0x0000000715900000,0x00000007160b5cd8,0x000000071d980000)
  from space 21504K, 0% used [0x000000071ee80000,0x000000071ee80000,0x0000000720380000)
  to   space 21504K, 0% used [0x000000071d980000,0x000000071d9a8000,0x000000071ee80000)
 ParOldGen       total 349696K, used 21441K [0x00000005c0a00000, 0x00000005d5f80000, 0x0000000715900000)
  object space 349696K, 6% used [0x00000005c0a00000,0x00000005c1ef05a0,0x00000005d5f80000)
 Metaspace       used 10265K, capacity 10460K, committed 10624K, reserved 1058816K
  class space    used 1213K, capacity 1287K, committed 1408K, reserved 1048576K
GC Heap History (10 events):
Event: 0.848 GC heap before
{Heap before GC invocations=8 (full 4):
 PSYoungGen      total 153088K, used 224K [0x0000000715900000, 0x0000000720380000, 0x00000007c0000000)
  eden space 131584K, 0% used [0x0000000715900000,0x0000000715900000,0x000000071d980000)
  from space 21504K, 1% used [0x000000071ee80000,0x000000071eeb8000,0x0000000720380000)
  to   space 21504K, 0% used [0x000000071d980000,0x000000071d980000,0x000000071ee80000)
 ParOldGen       total 349696K, used 21436K [0x00000005c0a00000, 0x00000005d5f80000, 0x0000000715900000)
  object space 349696K, 6% used [0x00000005c0a00000,0x00000005c1eef0b8,0x00000005d5f80000)
 Metaspace       used 10262K, capacity 10460K, committed 10624K, reserved 1058816K
  class space    used 1213K, capacity 1287K, committed 1408K, reserved 1048576K
Event: 0.870 GC heap after
Heap after GC invocations=8 (full 4):
 PSYoungGen      total 153088K, used 0K [0x0000000715900000, 0x0000000720380000, 0x00000007c0000000)
  eden space 131584K, 0% used [0x0000000715900000,0x0000000715900000,0x000000071d980000)
  from space 21504K, 0% used [0x000000071ee80000,0x000000071ee80000,0x0000000720380000)
  to   space 21504K, 0% used [0x000000071d980000,0x000000071d980000,0x000000071ee80000)
 ParOldGen       total 349696K, used 21442K [0x00000005c0a00000, 0x00000005d5f80000, 0x0000000715900000)
  object space 349696K, 6% used [0x00000005c0a00000,0x00000005c1ef0940,0x00000005d5f80000)
 Metaspace       used 10262K, capacity 10460K, committed 10624K, reserved 1058816K
  class space    used 1213K, capacity 1287K, committed 1408K, reserved 1048576K
}
Event: 0.875 GC heap before
{Heap before GC invocations=9 (full 4):
 PSYoungGen      total 153088K, used 7895K [0x0000000715900000, 0x0000000720380000, 0x00000007c0000000)
  eden space 131584K, 6% used [0x0000000715900000,0x00000007160b5cd8,0x000000071d980000)
  from space 21504K, 0% used [0x000000071ee80000,0x000000071ee80000,0x0000000720380000)
  to   space 21504K, 0% used [0x000000071d980000,0x000000071d980000,0x000000071ee80000)
 ParOldGen       total 349696K, used 21442K [0x00000005c0a00000, 0x00000005d5f80000, 0x0000000715900000)
  object space 349696K, 6% used [0x00000005c0a00000,0x00000005c1ef0940,0x00000005d5f80000)
 Metaspace       used 10264K, capacity 10460K, committed 10624K, reserved 1058816K
  class space    used 1213K, capacity 1287K, committed 1408K, reserved 1048576K
Event: 0.876 GC heap after
Heap after GC invocations=9 (full 4):
 PSYoungGen      total 153088K, used 160K [0x0000000715900000, 0x0000000720380000, 0x00000007c0000000)
  eden space 131584K, 0% used [0x0000000715900000,0x0000000715900000,0x000000071d980000)
  from space 21504K, 0% used [0x000000071d980000,0x000000071d9a8000,0x000000071ee80000)
  to   space 21504K, 0% used [0x000000071ee80000,0x000000071ee80000,0x0000000720380000)
 ParOldGen       total 349696K, used 21442K [0x00000005c0a00000, 0x00000005d5f80000, 0x0000000715900000)
  object space 349696K, 6% used [0x00000005c0a00000,0x00000005c1ef0940,0x00000005d5f80000)
 Metaspace       used 10264K, capacity 10460K, committed 10624K, reserved 1058816K
  class space    used 1213K, capacity 1287K, committed 1408K, reserved 1048576K
}
Event: 0.876 GC heap before
{Heap before GC invocations=10 (full 5):
 PSYoungGen      total 153088K, used 160K [0x0000000715900000, 0x0000000720380000, 0x00000007c0000000)
  eden space 131584K, 0% used [0x0000000715900000,0x0000000715900000,0x000000071d980000)
  from space 21504K, 0% used [0x000000071d980000,0x000000071d9a8000,0x000000071ee80000)
  to   space 21504K, 0% used [0x000000071ee80000,0x000000071ee80000,0x0000000720380000)
 ParOldGen       total 349696K, used 21442K [0x00000005c0a00000, 0x00000005d5f80000, 0x0000000715900000)
  object space 349696K, 6% used [0x00000005c0a00000,0x00000005c1ef0940,0x00000005d5f80000)
 Metaspace       used 10264K, capacity 10460K, committed 10624K, reserved 1058816K
  class space    used 1213K, capacity 1287K, committed 1408K, reserved 1048576K
Event: 0.883 GC heap after
Heap after GC invocations=10 (full 5):
 PSYoungGen      total 153088K, used 0K [0x0000000715900000, 0x0000000720380000, 0x00000007c0000000)
  eden space 131584K, 0% used [0x0000000715900000,0x0000000715900000,0x000000071d980000)
  from space 21504K, 0% used [0x000000071d980000,0x000000071d980000,0x000000071ee80000)
  to   space 21504K, 0% used [0x000000071ee80000,0x000000071ee80000,0x0000000720380000)
 ParOldGen       total 349696K, used 21441K [0x00000005c0a00000, 0x00000005d5f80000, 0x0000000715900000)
  object space 349696K, 6% used [0x00000005c0a00000,0x00000005c1ef0520,0x00000005d5f80000)
 Metaspace       used 10264K, capacity 10460K, committed 10624K, reserved 1058816K
  class space    used 1213K, capacity 1287K, committed 1408K, reserved 1048576K
}
Event: 0.886 GC heap before
{Heap before GC invocations=11 (full 5):
 PSYoungGen      total 153088K, used 7895K [0x0000000715900000, 0x0000000720380000, 0x00000007c0000000)
  eden space 131584K, 6% used [0x0000000715900000,0x00000007160b5cd8,0x000000071d980000)
  from space 21504K, 0% used [0x000000071d980000,0x000000071d980000,0x000000071ee80000)
  to   space 21504K, 0% used [0x000000071ee80000,0x000000071ee80000,0x0000000720380000)
 ParOldGen       total 349696K, used 21441K [0x00000005c0a00000, 0x00000005d5f80000, 0x0000000715900000)
  object space 349696K, 6% used [0x00000005c0a00000,0x00000005c1ef0520,0x00000005d5f80000)
 Metaspace       used 10264K, capacity 10460K, committed 10624K, reserved 1058816K
  class space    used 1213K, capacity 1287K, committed 1408K, reserved 1048576K
Event: 0.886 GC heap after
Heap after GC invocations=11 (full 5):
 PSYoungGen      total 153088K, used 192K [0x0000000715900000, 0x0000000720380000, 0x00000007c0000000)
  eden space 131584K, 0% used [0x0000000715900000,0x0000000715900000,0x000000071d980000)
  from space 21504K, 0% used [0x000000071ee80000,0x000000071eeb0000,0x0000000720380000)
  to   space 21504K, 0% used [0x000000071d980000,0x000000071d980000,0x000000071ee80000)
 ParOldGen       total 349696K, used 21441K [0x00000005c0a00000, 0x00000005d5f80000, 0x0000000715900000)
  object space 349696K, 6% used [0x00000005c0a00000,0x00000005c1ef0520,0x00000005d5f80000)
 Metaspace       used 10264K, capacity 10460K, committed 10624K, reserved 1058816K
  class space    used 1213K, capacity 1287K, committed 1408K, reserved 1048576K
}
Event: 0.886 GC heap before
{Heap before GC invocations=12 (full 6):
 PSYoungGen      total 153088K, used 192K [0x0000000715900000, 0x0000000720380000, 0x00000007c0000000)
  eden space 131584K, 0% used [0x0000000715900000,0x0000000715900000,0x000000071d980000)
  from space 21504K, 0% used [0x000000071ee80000,0x000000071eeb0000,0x0000000720380000)
  to   space 21504K, 0% used [0x000000071d980000,0x000000071d980000,0x000000071ee80000)
 ParOldGen       total 349696K, used 21441K [0x00000005c0a00000, 0x00000005d5f80000, 0x0000000715900000)
  object space 349696K, 6% used [0x00000005c0a00000,0x00000005c1ef0520,0x00000005d5f80000)
 Metaspace       used 10264K, capacity 10460K, committed 10624K, reserved 1058816K
  class space    used 1213K, capacity 1287K, committed 1408K, reserved 1048576K
Event: 0.893 GC heap after
Heap after GC invocations=12 (full 6):
 PSYoungGen      total 153088K, used 0K [0x0000000715900000, 0x0000000720380000, 0x00000007c0000000)
  eden space 131584K, 0% used [0x0000000715900000,0x0000000715900000,0x000000071d980000)
  from space 21504K, 0% used [0x000000071ee80000,0x000000071ee80000,0x0000000720380000)
  to   space 21504K, 0% used [0x000000071d980000,0x000000071d980000,0x000000071ee80000)
 ParOldGen       total 349696K, used 21441K [0x00000005c0a00000, 0x00000005d5f80000, 0x0000000715900000)
  object space 349696K, 6% used [0x00000005c0a00000,0x00000005c1ef05a0,0x00000005d5f80000)
 Metaspace       used 10264K, capacity 10460K, committed 10624K, reserved 1058816K
  class space    used 1213K, capacity 1287K, committed 1408K, reserved 1048576K
}

