# JRE version: Java(TM) SE Runtime Environment (8.0_66-b17) (build 1.8.0_66-b17)
# Java VM: Java HotSpot(TM) 64-Bit Server VM (25.66-b17 mixed mode windows-amd64 compressed oops)
Heap:
 PSYoungGen      total 2081280K, used 48531K [0x0000000715900000, 0x0000000799200000, 0x00000007c0000000)
  eden space 2007040K, 2% used [0x0000000715900000,0x0000000718864c48,0x0000000790100000)
  from space 74240K, 0% used [0x0000000790100000,0x0000000790100000,0x0000000794980000)
  to   space 73216K, 0% used [0x0000000794a80000,0x0000000794a80000,0x0000000799200000)
 ParOldGen       total 349696K, used 5276K [0x00000005c0a00000, 0x00000005d5f80000, 0x0000000715900000)
  object space 349696K, 1% used [0x00000005c0a00000,0x00000005c0f27300,0x00000005d5f80000)
 Metaspace       used 13264K, capacity 13484K, committed 13696K, reserved 1060864K
  class space    used 1532K, capacity 1582K, committed 1664K, reserved 1048576K
GC Heap History (10 events):
Event: 26.446 GC heap before
{Heap before GC invocations=12 (full 2):
 PSYoungGen      total 1078784K, used 1005913K [0x0000000715900000, 0x0000000799400000, 0x00000007c0000000)
  eden space 1003520K, 100% used [0x0000000715900000,0x0000000752d00000,0x0000000752d00000)
  from space 75264K, 3% used [0x0000000752d00000,0x0000000752f56530,0x0000000757680000)
  to   space 75264K, 0% used [0x0000000794a80000,0x0000000794a80000,0x0000000799400000)
 ParOldGen       total 349696K, used 68682K [0x00000005c0a00000, 0x00000005d5f80000, 0x0000000715900000)
  object space 349696K, 19% used [0x00000005c0a00000,0x00000005c4d12a08,0x00000005d5f80000)
 Metaspace       used 13259K, capacity 13484K, committed 13696K, reserved 1060864K
  class space    used 1532K, capacity 1582K, committed 1664K, reserved 1048576K
Event: 26.447 GC heap after
Heap after GC invocations=12 (full 2):
 PSYoungGen      total 2080256K, used 2425K [0x0000000715900000, 0x0000000799200000, 0x00000007c0000000)
  eden space 2007040K, 0% used [0x0000000715900000,0x0000000715900000,0x0000000790100000)
  from space 73216K, 3% used [0x0000000794a80000,0x0000000794cde530,0x0000000799200000)
  to   space 74240K, 0% used [0x0000000790100000,0x0000000790100000,0x0000000794980000)
 ParOldGen       total 349696K, used 68682K [0x00000005c0a00000, 0x00000005d5f80000, 0x0000000715900000)
  object space 349696K, 19% used [0x00000005c0a00000,0x00000005c4d12a08,0x00000005d5f80000)
 Metaspace       used 13259K, capacity 13484K, committed 13696K, reserved 1060864K
  class space    used 1532K, capacity 1582K, committed 1664K, reserved 1048576K
}
Event: 28.006 GC heap before
{Heap before GC invocations=13 (full 2):
 PSYoungGen      total 2080256K, used 2009465K [0x0000000715900000, 0x0000000799200000, 0x00000007c0000000)
  eden space 2007040K, 100% used [0x0000000715900000,0x0000000790100000,0x0000000790100000)
  from space 73216K, 3% used [0x0000000794a80000,0x0000000794cde530,0x0000000799200000)
  to   space 74240K, 0% used [0x0000000790100000,0x0000000790100000,0x0000000794980000)
 ParOldGen       total 349696K, used 68682K [0x00000005c0a00000, 0x00000005d5f80000, 0x0000000715900000)
  object space 349696K, 19% used [0x00000005c0a00000,0x00000005c4d12a08,0x00000005d5f80000)
 Metaspace       used 13259K, capacity 13484K, committed 13696K, reserved 1060864K
  class space    used 1532K, capacity 1582K, committed 1664K, reserved 1048576K
Event: 28.007 GC heap after
Heap after GC invocations=13 (full 2):
 PSYoungGen      total 2081280K, used 192K [0x0000000715900000, 0x0000000799200000, 0x00000007c0000000)
  eden space 2007040K, 0% used [0x0000000715900000,0x0000000715900000,0x0000000790100000)
  from space 74240K, 0% used [0x0000000790100000,0x0000000790130000,0x0000000794980000)
  to   space 73216K, 0% used [0x0000000794a80000,0x0000000794a80000,0x0000000799200000)
 ParOldGen       total 349696K, used 70971K [0x00000005c0a00000, 0x00000005d5f80000, 0x0000000715900000)
  object space 349696K, 20% used [0x00000005c0a00000,0x00000005c4f4ef38,0x00000005d5f80000)
 Metaspace       used 13259K, capacity 13484K, committed 13696K, reserved 1060864K
  class space    used 1532K, capacity 1582K, committed 1664K, reserved 1048576K
}
Event: 29.311 GC heap before
{Heap before GC invocations=14 (full 2):
 PSYoungGen      total 2081280K, used 2007232K [0x0000000715900000, 0x0000000799200000, 0x00000007c0000000)
  eden space 2007040K, 100% used [0x0000000715900000,0x0000000790100000,0x0000000790100000)
  from space 74240K, 0% used [0x0000000790100000,0x0000000790130000,0x0000000794980000)
  to   space 73216K, 0% used [0x0000000794a80000,0x0000000794a80000,0x0000000799200000)
 ParOldGen       total 349696K, used 70971K [0x00000005c0a00000, 0x00000005d5f80000, 0x0000000715900000)
  object space 349696K, 20% used [0x00000005c0a00000,0x00000005c4f4ef38,0x00000005d5f80000)
 Metaspace       used 13263K, capacity 13484K, committed 13696K, reserved 1060864K
  class space    used 1532K, capacity 1582K, committed 1664K, reserved 1048576K
Event: 29.312 GC heap after
Heap after GC invocations=14 (full 2):
 PSYoungGen      total 2080256K, used 128K [0x0000000715900000, 0x0000000799200000, 0x00000007c0000000)
  eden space 2007040K, 0% used [0x0000000715900000,0x0000000715900000,0x0000000790100000)
  from space 73216K, 0% used [0x0000000794a80000,0x0000000794aa0000,0x0000000799200000)
  to   space 74240K, 0% used [0x0000000790100000,0x0000000790100000,0x0000000794980000)
 ParOldGen       total 349696K, used 70995K [0x00000005c0a00000, 0x00000005d5f80000, 0x0000000715900000)
  object space 349696K, 20% used [0x00000005c0a00000,0x00000005c4f54f38,0x00000005d5f80000)
 Metaspace       used 13263K, capacity 13484K, committed 13696K, reserved 1060864K
  class space    used 1532K, capacity 1582K, committed 1664K, reserved 1048576K
}
Event: 29.935 GC heap before
{Heap before GC invocations=15 (full 2):
 PSYoungGen      total 2080256K, used 951774K [0x0000000715900000, 0x0000000799200000, 0x00000007c0000000)
  eden space 2007040K, 47% used [0x0000000715900000,0x000000074fa57b00,0x0000000790100000)
  from space 73216K, 0% used [0x0000000794a80000,0x0000000794aa0000,0x0000000799200000)
  to   space 74240K, 0% used [0x0000000790100000,0x0000000790100000,0x0000000794980000)
 ParOldGen       total 349696K, used 70995K [0x00000005c0a00000, 0x00000005d5f80000, 0x0000000715900000)
  object space 349696K, 20% used [0x00000005c0a00000,0x00000005c4f54f38,0x00000005d5f80000)
 Metaspace       used 13263K, capacity 13484K, committed 13696K, reserved 1060864K
  class space    used 1532K, capacity 1582K, committed 1664K, reserved 1048576K
Event: 29.936 GC heap after
Heap after GC invocations=15 (full 2):
 PSYoungGen      total 2081280K, used 128K [0x0000000715900000, 0x0000000799200000, 0x00000007c0000000)
  eden space 2007040K, 0% used [0x0000000715900000,0x0000000715900000,0x0000000790100000)
  from space 74240K, 0% used [0x0000000790100000,0x0000000790120000,0x0000000794980000)
  to   space 73216K, 0% used [0x0000000794a80000,0x0000000794a80000,0x0000000799200000)
 ParOldGen       total 349696K, used 71019K [0x00000005c0a00000, 0x00000005d5f80000, 0x0000000715900000)
  object space 349696K, 20% used [0x00000005c0a00000,0x00000005c4f5af38,0x00000005d5f80000)
 Metaspace       used 13263K, capacity 13484K, committed 13696K, reserved 1060864K
  class space    used 1532K, capacity 1582K, committed 1664K, reserved 1048576K
}
Event: 29.936 GC heap before
{Heap before GC invocations=16 (full 3):
 PSYoungGen      total 2081280K, used 128K [0x0000000715900000, 0x0000000799200000, 0x00000007c0000000)
  eden space 2007040K, 0% used [0x0000000715900000,0x0000000715900000,0x0000000790100000)
  from space 74240K, 0% used [0x0000000790100000,0x0000000790120000,0x0000000794980000)
  to   space 73216K, 0% used [0x0000000794a80000,0x0000000794a80000,0x0000000799200000)
 ParOldGen       total 349696K, used 71019K [0x00000005c0a00000, 0x00000005d5f80000, 0x0000000715900000)
  object space 349696K, 20% used [0x00000005c0a00000,0x00000005c4f5af38,0x00000005d5f80000)
 Metaspace       used 13263K, capacity 13484K, committed 13696K, reserved 1060864K
  class space    used 1532K, capacity 1582K, committed 1664K, reserved 1048576K
Event: 29.965 GC heap after
Heap after GC invocations=16 (full 3):
 PSYoungGen      total 2081280K, used 0K [0x0000000715900000, 0x0000000799200000, 0x00000007c0000000)
  eden space 2007040K, 0% used [0x0000000715900000,0x0000000715900000,0x0000000790100000)
  from space 74240K, 0% used [0x0000000790100000,0x0000000790100000,0x0000000794980000)
  to   space 73216K, 0% used [0x0000000794a80000,0x0000000794a80000,0x0000000799200000)
 ParOldGen       total 349696K, used 5276K [0x00000005c0a00000, 0x00000005d5f80000, 0x0000000715900000)
  object space 349696K, 1% used [0x00000005c0a00000,0x00000005c0f27300,0x00000005d5f80000)
 Metaspace       used 13263K, capacity 13484K, committed 13696K, reserved 1060864K
  class space    used 1532K, capacity 1582K, committed 1664K, reserved 1048576K
}

